<!DOCTYPE html>

<html>
  <head>
  <meta charset='utf-8'>
  <title>TestNG reports</title>

    <link type="text/css" href="testng-reports.css" rel="stylesheet" />
    <script type="text/javascript" src="jquery-1.7.1.min.js"></script>
    <script type="text/javascript" src="testng-reports.js"></script>
    <script type="text/javascript" src="https://www.google.com/jsapi"></script>
    <script type='text/javascript'>
      google.load('visualization', '1', {packages:['table']});
      google.setOnLoadCallback(drawTable);
      var suiteTableInitFunctions = new Array();
      var suiteTableData = new Array();
    </script>
    <!--
      <script type="text/javascript" src="jquery-ui/js/jquery-ui-1.8.16.custom.min.js"></script>
     -->
  </head>

  <body>
    <div class="top-banner-root">
      <span class="top-banner-title-font">Test results</span>
      <br/>
      <span class="top-banner-font-1">1 suite, 5 failed tests</span>
    </div> <!-- top-banner-root -->
    <div class="navigator-root">
      <div class="navigator-suite-header">
        <span>All suites</span>
        <a href="#" class="collapse-all-link" title="Collapse/expand all the suites">
          <img class="collapse-all-icon" src="collapseall.gif">
          </img> <!-- collapse-all-icon -->
        </a> <!-- collapse-all-link -->
      </div> <!-- navigator-suite-header -->
      <div class="suite">
        <div class="rounded-window">
          <div class="suite-header light-rounded-window-top">
            <a href="#" class="navigator-link" panel-name="suite-My_Regression_Automation_suite">
              <span class="suite-name border-failed">My Regression Automation suite</span>
            </a> <!-- navigator-link -->
          </div> <!-- suite-header light-rounded-window-top -->
          <div class="navigator-suite-content">
            <div class="suite-section-title">
              <span>Info</span>
            </div> <!-- suite-section-title -->
            <div class="suite-section-content">
              <ul>
                <li>
                  <a href="#" class="navigator-link " panel-name="test-xml-My_Regression_Automation_suite">
                    <span>C:\Users\amruta\gitMyProjectBlaBlacar\blablacar\src\testngXML\AllClasses.xml</span>
                  </a> <!-- navigator-link  -->
                </li>
                <li>
                  <a href="#" class="navigator-link " panel-name="testlist-My_Regression_Automation_suite">
                    <span class="test-stats">1 test</span>
                  </a> <!-- navigator-link  -->
                </li>
                <li>
                  <a href="#" class="navigator-link " panel-name="group-My_Regression_Automation_suite">
                    <span>0 groups</span>
                  </a> <!-- navigator-link  -->
                </li>
                <li>
                  <a href="#" class="navigator-link " panel-name="times-My_Regression_Automation_suite">
                    <span>Times</span>
                  </a> <!-- navigator-link  -->
                </li>
                <li>
                  <a href="#" class="navigator-link " panel-name="reporter-My_Regression_Automation_suite">
                    <span>Reporter output</span>
                  </a> <!-- navigator-link  -->
                </li>
                <li>
                  <a href="#" class="navigator-link " panel-name="ignored-methods-My_Regression_Automation_suite">
                    <span>Ignored methods</span>
                  </a> <!-- navigator-link  -->
                </li>
                <li>
                  <a href="#" class="navigator-link " panel-name="chronological-My_Regression_Automation_suite">
                    <span>Chronological view</span>
                  </a> <!-- navigator-link  -->
                </li>
              </ul>
            </div> <!-- suite-section-content -->
            <div class="result-section">
              <div class="suite-section-title">
                <span>Results</span>
              </div> <!-- suite-section-title -->
              <div class="suite-section-content">
                <ul>
                  <li>
                    <span class="method-stats">6 methods, 5 failed,   1 passed</span>
                  </li>
                  <li>
                    <span class="method-list-title failed">Failed methods</span>
                    <span class="show-or-hide-methods failed">
                      <a href="#" panel-name="suite-My_Regression_Automation_suite" class="hide-methods failed suite-My_Regression_Automation_suite"> (hide)</a> <!-- hide-methods failed suite-My_Regression_Automation_suite -->
                      <a href="#" panel-name="suite-My_Regression_Automation_suite" class="show-methods failed suite-My_Regression_Automation_suite"> (show)</a> <!-- show-methods failed suite-My_Regression_Automation_suite -->
                    </span>
                    <div class="method-list-content failed suite-My_Regression_Automation_suite">
                      <span>
                        <img width="3%" src="failed.png"/>
                        <a href="#" class="method navigator-link" panel-name="suite-My_Regression_Automation_suite" title="blablacarB13.tests.common.LoginFeature" hash-for-method="logInwithFacebookInvalidDetails">logInwithFacebookInvalidDetails</a> <!-- method navigator-link -->
                      </span>
                      <br/>
                      <span>
                        <img width="3%" src="failed.png"/>
                        <a href="#" class="method navigator-link" panel-name="suite-My_Regression_Automation_suite" title="blablacarB13.tests.common.LoginFeature" hash-for-method="logInwithFacebookValidDetails">logInwithFacebookValidDetails</a> <!-- method navigator-link -->
                      </span>
                      <br/>
                      <span>
                        <img width="3%" src="failed.png"/>
                        <a href="#" class="method navigator-link" panel-name="suite-My_Regression_Automation_suite" title="blablacarB13.tests.common.LoginFeature" hash-for-method="logInwithUserDetails">logInwithUserDetails</a> <!-- method navigator-link -->
                      </span>
                      <br/>
                      <span>
                        <img width="3%" src="failed.png"/>
                        <a href="#" class="method navigator-link" panel-name="suite-My_Regression_Automation_suite" title="blablacarB13.tests.profile.personalInfo.personalInformation.VerifyPersonalInfoPageDetails" hash-for-method="testPersonalInfoUI">testPersonalInfoUI</a> <!-- method navigator-link -->
                      </span>
                      <br/>
                      <span>
                        <img width="3%" src="failed.png"/>
                        <a href="#" class="method navigator-link" panel-name="suite-My_Regression_Automation_suite" title="blablacarB13.tests.profile.personalInfo.personalInformation.VerifyDifferentUserCreation" hash-for-method="testUserDetailsOnForm(amrutakotkar3@gmail.com, Amruta@38, Female, Amruta, Kotkar, amrutakotkar3@gmail.com, 8412950038)">testUserDetailsOnForm(amrutakotkar3@gmail.com, Amruta@38, Female, Amruta, Kotkar, amrutakotkar3@gmail.com, 8412950038)</a> <!-- method navigator-link -->
                      </span>
                      <br/>
                    </div> <!-- method-list-content failed suite-My_Regression_Automation_suite -->
                  </li>
                  <li>
                    <span class="method-list-title passed">Passed methods</span>
                    <span class="show-or-hide-methods passed">
                      <a href="#" panel-name="suite-My_Regression_Automation_suite" class="hide-methods passed suite-My_Regression_Automation_suite"> (hide)</a> <!-- hide-methods passed suite-My_Regression_Automation_suite -->
                      <a href="#" panel-name="suite-My_Regression_Automation_suite" class="show-methods passed suite-My_Regression_Automation_suite"> (show)</a> <!-- show-methods passed suite-My_Regression_Automation_suite -->
                    </span>
                    <div class="method-list-content passed suite-My_Regression_Automation_suite">
                      <span>
                        <img width="3%" src="passed.png"/>
                        <a href="#" class="method navigator-link" panel-name="suite-My_Regression_Automation_suite" title="blablacarB13.tests.profile.personalInfo.personalInformation.VerifyDifferentUserCreation" hash-for-method="testUserDetailsOnForm(avdhut.kotkar@yahoo.com, selenium@1793, Male, Avdhut, Kotkar, avdhut.kotkar@yahoo.com, 8412950036)">testUserDetailsOnForm(avdhut.kotkar@yahoo.com, selenium@1793, Male, Avdhut, Kotkar, avdhut.kotkar@yahoo.com, 8412950036)</a> <!-- method navigator-link -->
                      </span>
                      <br/>
                    </div> <!-- method-list-content passed suite-My_Regression_Automation_suite -->
                  </li>
                </ul>
              </div> <!-- suite-section-content -->
            </div> <!-- result-section -->
          </div> <!-- navigator-suite-content -->
        </div> <!-- rounded-window -->
      </div> <!-- suite -->
    </div> <!-- navigator-root -->
    <div class="wrapper">
      <div class="main-panel-root">
        <div panel-name="suite-My_Regression_Automation_suite" class="panel My_Regression_Automation_suite">
          <div class="suite-My_Regression_Automation_suite-class-failed">
            <div class="main-panel-header rounded-window-top">
              <img src="failed.png"/>
              <span class="class-name">blablacarB13.tests.profile.personalInfo.personalInformation.VerifyPersonalInfoPageDetails</span>
            </div> <!-- main-panel-header rounded-window-top -->
            <div class="main-panel-content rounded-window-bottom">
              <div class="method">
                <div class="method-content">
                  <a name="testPersonalInfoUI">
                  </a> <!-- testPersonalInfoUI -->
                  <span class="method-name">testPersonalInfoUI</span>
                  <div class="stack-trace">java.lang.AssertionError: The following asserts failed:
	expected [true] but found [false]
	at org.testng.asserts.SoftAssert.assertAll(SoftAssert.java:43)
	at blablacarB13.tests.profile.personalInfo.personalInformation.VerifyPersonalInfoPageDetails.testPersonalInfoUI(VerifyPersonalInfoPageDetails.java:71)
	at sun.reflect.NativeMethodAccessorImpl.invoke0(Native Method)
	at sun.reflect.NativeMethodAccessorImpl.invoke(Unknown Source)
	at sun.reflect.DelegatingMethodAccessorImpl.invoke(Unknown Source)
	at java.lang.reflect.Method.invoke(Unknown Source)
	at org.testng.internal.MethodInvocationHelper.invokeMethod(MethodInvocationHelper.java:124)
	at org.testng.internal.Invoker.invokeMethod(Invoker.java:571)
	at org.testng.internal.Invoker.invokeTestMethod(Invoker.java:707)
	at org.testng.internal.Invoker.invokeTestMethods(Invoker.java:979)
	at org.testng.internal.TestMethodWorker.invokeTestMethods(TestMethodWorker.java:125)
	at org.testng.internal.TestMethodWorker.run(TestMethodWorker.java:109)
	at org.testng.TestRunner.privateRun(TestRunner.java:648)
	at org.testng.TestRunner.run(TestRunner.java:505)
	at org.testng.SuiteRunner.runTest(SuiteRunner.java:455)
	at org.testng.SuiteRunner.runSequentially(SuiteRunner.java:450)
	at org.testng.SuiteRunner.privateRun(SuiteRunner.java:415)
	at org.testng.SuiteRunner.run(SuiteRunner.java:364)
	at org.testng.SuiteRunnerWorker.runSuite(SuiteRunnerWorker.java:52)
	at org.testng.SuiteRunnerWorker.run(SuiteRunnerWorker.java:84)
	at org.testng.TestNG.runSuitesSequentially(TestNG.java:1187)
	at org.testng.TestNG.runSuitesLocally(TestNG.java:1116)
	at org.testng.TestNG.runSuites(TestNG.java:1028)
	at org.testng.TestNG.run(TestNG.java:996)
	at org.testng.remote.AbstractRemoteTestNG.run(AbstractRemoteTestNG.java:114)
	at org.testng.remote.RemoteTestNG.initAndRun(RemoteTestNG.java:251)
	at org.testng.remote.RemoteTestNG.main(RemoteTestNG.java:77)

</div> <!-- stack-trace -->
                </div> <!-- method-content -->
              </div> <!-- method -->
            </div> <!-- main-panel-content rounded-window-bottom -->
          </div> <!-- suite-My_Regression_Automation_suite-class-failed -->
          <div class="suite-My_Regression_Automation_suite-class-failed">
            <div class="main-panel-header rounded-window-top">
              <img src="failed.png"/>
              <span class="class-name">blablacarB13.tests.profile.personalInfo.personalInformation.VerifyDifferentUserCreation</span>
            </div> <!-- main-panel-header rounded-window-top -->
            <div class="main-panel-content rounded-window-bottom">
              <div class="method">
                <div class="method-content">
                  <a name="testUserDetailsOnForm(amrutakotkar3@gmail.com, Amruta@38, Female, Amruta, Kotkar, amrutakotkar3@gmail.com, 8412950038)">
                  </a> <!-- testUserDetailsOnForm(amrutakotkar3@gmail.com, Amruta@38, Female, Amruta, Kotkar, amrutakotkar3@gmail.com, 8412950038) -->
                  <span class="method-name">testUserDetailsOnForm</span>
                  <span class="parameters">(amrutakotkar3@gmail.com, Amruta@38, Female, Amruta, Kotkar, amrutakotkar3@gmail.com, 8412950038)</span>
                  <div class="stack-trace">java.lang.AssertionError: The following asserts failed:
	Mobile Number is not as expected :  expected [true] but found [false]
	at org.testng.asserts.SoftAssert.assertAll(SoftAssert.java:43)
	at blablacarB13.tests.profile.personalInfo.personalInformation.VerifyDifferentUserCreation.testUserDetailsOnForm(VerifyDifferentUserCreation.java:90)
	at sun.reflect.NativeMethodAccessorImpl.invoke0(Native Method)
	at sun.reflect.NativeMethodAccessorImpl.invoke(Unknown Source)
	at sun.reflect.DelegatingMethodAccessorImpl.invoke(Unknown Source)
	at java.lang.reflect.Method.invoke(Unknown Source)
	at org.testng.internal.MethodInvocationHelper.invokeMethod(MethodInvocationHelper.java:124)
	at org.testng.internal.Invoker.invokeMethod(Invoker.java:571)
	at org.testng.internal.Invoker.invokeTestMethod(Invoker.java:707)
	at org.testng.internal.Invoker.invokeTestMethods(Invoker.java:979)
	at org.testng.internal.TestMethodWorker.invokeTestMethods(TestMethodWorker.java:125)
	at org.testng.internal.TestMethodWorker.run(TestMethodWorker.java:109)
	at org.testng.TestRunner.privateRun(TestRunner.java:648)
	at org.testng.TestRunner.run(TestRunner.java:505)
	at org.testng.SuiteRunner.runTest(SuiteRunner.java:455)
	at org.testng.SuiteRunner.runSequentially(SuiteRunner.java:450)
	at org.testng.SuiteRunner.privateRun(SuiteRunner.java:415)
	at org.testng.SuiteRunner.run(SuiteRunner.java:364)
	at org.testng.SuiteRunnerWorker.runSuite(SuiteRunnerWorker.java:52)
	at org.testng.SuiteRunnerWorker.run(SuiteRunnerWorker.java:84)
	at org.testng.TestNG.runSuitesSequentially(TestNG.java:1187)
	at org.testng.TestNG.runSuitesLocally(TestNG.java:1116)
	at org.testng.TestNG.runSuites(TestNG.java:1028)
	at org.testng.TestNG.run(TestNG.java:996)
	at org.testng.remote.AbstractRemoteTestNG.run(AbstractRemoteTestNG.java:114)
	at org.testng.remote.RemoteTestNG.initAndRun(RemoteTestNG.java:251)
	at org.testng.remote.RemoteTestNG.main(RemoteTestNG.java:77)

</div> <!-- stack-trace -->
                </div> <!-- method-content -->
              </div> <!-- method -->
            </div> <!-- main-panel-content rounded-window-bottom -->
          </div> <!-- suite-My_Regression_Automation_suite-class-failed -->
          <div class="suite-My_Regression_Automation_suite-class-failed">
            <div class="main-panel-header rounded-window-top">
              <img src="failed.png"/>
              <span class="class-name">blablacarB13.tests.common.LoginFeature</span>
            </div> <!-- main-panel-header rounded-window-top -->
            <div class="main-panel-content rounded-window-bottom">
              <div class="method">
                <div class="method-content">
                  <a name="logInwithFacebookInvalidDetails">
                  </a> <!-- logInwithFacebookInvalidDetails -->
                  <span class="method-name">logInwithFacebookInvalidDetails</span>
                  <div class="stack-trace">java.lang.AssertionError: expected [true] but found [false]
	at org.testng.Assert.fail(Assert.java:96)
	at org.testng.Assert.failNotEquals(Assert.java:776)
	at org.testng.Assert.assertTrue(Assert.java:44)
	at org.testng.Assert.assertTrue(Assert.java:54)
	at blablacarB13.tests.common.LoginFeature.logInwithFacebookInvalidDetails(LoginFeature.java:135)
	at sun.reflect.NativeMethodAccessorImpl.invoke0(Native Method)
	at sun.reflect.NativeMethodAccessorImpl.invoke(Unknown Source)
	at sun.reflect.DelegatingMethodAccessorImpl.invoke(Unknown Source)
	at java.lang.reflect.Method.invoke(Unknown Source)
	at org.testng.internal.MethodInvocationHelper.invokeMethod(MethodInvocationHelper.java:124)
	at org.testng.internal.Invoker.invokeMethod(Invoker.java:571)
	at org.testng.internal.Invoker.invokeTestMethod(Invoker.java:707)
	at org.testng.internal.Invoker.invokeTestMethods(Invoker.java:979)
	at org.testng.internal.TestMethodWorker.invokeTestMethods(TestMethodWorker.java:125)
	at org.testng.internal.TestMethodWorker.run(TestMethodWorker.java:109)
	at org.testng.TestRunner.privateRun(TestRunner.java:648)
	at org.testng.TestRunner.run(TestRunner.java:505)
	at org.testng.SuiteRunner.runTest(SuiteRunner.java:455)
	at org.testng.SuiteRunner.runSequentially(SuiteRunner.java:450)
	at org.testng.SuiteRunner.privateRun(SuiteRunner.java:415)
	at org.testng.SuiteRunner.run(SuiteRunner.java:364)
	at org.testng.SuiteRunnerWorker.runSuite(SuiteRunnerWorker.java:52)
	at org.testng.SuiteRunnerWorker.run(SuiteRunnerWorker.java:84)
	at org.testng.TestNG.runSuitesSequentially(TestNG.java:1187)
	at org.testng.TestNG.runSuitesLocally(TestNG.java:1116)
	at org.testng.TestNG.runSuites(TestNG.java:1028)
	at org.testng.TestNG.run(TestNG.java:996)
	at org.testng.remote.AbstractRemoteTestNG.run(AbstractRemoteTestNG.java:114)
	at org.testng.remote.RemoteTestNG.initAndRun(RemoteTestNG.java:251)
	at org.testng.remote.RemoteTestNG.main(RemoteTestNG.java:77)

</div> <!-- stack-trace -->
                </div> <!-- method-content -->
              </div> <!-- method -->
              <div class="method">
                <div class="method-content">
                  <a name="logInwithFacebookValidDetails">
                  </a> <!-- logInwithFacebookValidDetails -->
                  <span class="method-name">logInwithFacebookValidDetails</span>
                  <div class="stack-trace">java.lang.AssertionError: expected [true] but found [false]
	at org.testng.Assert.fail(Assert.java:96)
	at org.testng.Assert.failNotEquals(Assert.java:776)
	at org.testng.Assert.assertTrue(Assert.java:44)
	at org.testng.Assert.assertTrue(Assert.java:54)
	at blablacarB13.tests.common.LoginFeature.logInwithFacebookValidDetails(LoginFeature.java:85)
	at sun.reflect.NativeMethodAccessorImpl.invoke0(Native Method)
	at sun.reflect.NativeMethodAccessorImpl.invoke(Unknown Source)
	at sun.reflect.DelegatingMethodAccessorImpl.invoke(Unknown Source)
	at java.lang.reflect.Method.invoke(Unknown Source)
	at org.testng.internal.MethodInvocationHelper.invokeMethod(MethodInvocationHelper.java:124)
	at org.testng.internal.Invoker.invokeMethod(Invoker.java:571)
	at org.testng.internal.Invoker.invokeTestMethod(Invoker.java:707)
	at org.testng.internal.Invoker.invokeTestMethods(Invoker.java:979)
	at org.testng.internal.TestMethodWorker.invokeTestMethods(TestMethodWorker.java:125)
	at org.testng.internal.TestMethodWorker.run(TestMethodWorker.java:109)
	at org.testng.TestRunner.privateRun(TestRunner.java:648)
	at org.testng.TestRunner.run(TestRunner.java:505)
	at org.testng.SuiteRunner.runTest(SuiteRunner.java:455)
	at org.testng.SuiteRunner.runSequentially(SuiteRunner.java:450)
	at org.testng.SuiteRunner.privateRun(SuiteRunner.java:415)
	at org.testng.SuiteRunner.run(SuiteRunner.java:364)
	at org.testng.SuiteRunnerWorker.runSuite(SuiteRunnerWorker.java:52)
	at org.testng.SuiteRunnerWorker.run(SuiteRunnerWorker.java:84)
	at org.testng.TestNG.runSuitesSequentially(TestNG.java:1187)
	at org.testng.TestNG.runSuitesLocally(TestNG.java:1116)
	at org.testng.TestNG.runSuites(TestNG.java:1028)
	at org.testng.TestNG.run(TestNG.java:996)
	at org.testng.remote.AbstractRemoteTestNG.run(AbstractRemoteTestNG.java:114)
	at org.testng.remote.RemoteTestNG.initAndRun(RemoteTestNG.java:251)
	at org.testng.remote.RemoteTestNG.main(RemoteTestNG.java:77)

</div> <!-- stack-trace -->
                </div> <!-- method-content -->
              </div> <!-- method -->
              <div class="method">
                <div class="method-content">
                  <a name="logInwithUserDetails">
                  </a> <!-- logInwithUserDetails -->
                  <span class="method-name">logInwithUserDetails</span>
                  <div class="stack-trace">org.openqa.selenium.NoSuchElementException: Unable to locate element: //ul[@id=&apos;myTab&apos;]/li/a[contains(text(),&apos;Dashboard&apos;)]
For documentation on this error, please visit: http://seleniumhq.org/exceptions/no_such_element.html
Build info: version: &apos;3.5.2&apos;, revision: &apos;10229a9020&apos;, time: &apos;2017-08-21T17:54:21.164Z&apos;
System info: host: &apos;LAPTOP-RSD3KNP9&apos;, ip: &apos;192.168.0.105&apos;, os.name: &apos;Windows 10&apos;, os.arch: &apos;amd64&apos;, os.version: &apos;10.0&apos;, java.version: &apos;1.8.0_161&apos;
Driver info: org.openqa.selenium.firefox.FirefoxDriver
Capabilities [{moz:profile=C:\Users\amruta\AppData\Local\Temp\rust_mozprofile.galUu0Vsu5Eg, rotatable=false, timeouts={implicit=0, pageLoad=300000, script=30000}, pageLoadStrategy=normal, platform=ANY, specificationLevel=0, moz:accessibilityChecks=false, acceptInsecureCerts=false, browserVersion=55.0.3, platformVersion=10.0, moz:processID=10888, browserName=firefox, javascriptEnabled=true, platformName=windows_nt}]
Session ID: c24647f1-3ea1-4fc7-9d70-7a804e14dfc2
*** Element info: {Using=xpath, value=//ul[@id=&apos;myTab&apos;]/li/a[contains(text(),&apos;Dashboard&apos;)]}
	at sun.reflect.NativeConstructorAccessorImpl.newInstance0(Native Method)
	at sun.reflect.NativeConstructorAccessorImpl.newInstance(Unknown Source)
	at sun.reflect.DelegatingConstructorAccessorImpl.newInstance(Unknown Source)
	at java.lang.reflect.Constructor.newInstance(Unknown Source)
	at org.openqa.selenium.remote.http.W3CHttpResponseCodec.createException(W3CHttpResponseCodec.java:185)
	at org.openqa.selenium.remote.http.W3CHttpResponseCodec.decode(W3CHttpResponseCodec.java:120)
	at org.openqa.selenium.remote.http.W3CHttpResponseCodec.decode(W3CHttpResponseCodec.java:49)
	at org.openqa.selenium.remote.HttpCommandExecutor.execute(HttpCommandExecutor.java:164)
	at org.openqa.selenium.remote.service.DriverCommandExecutor.execute(DriverCommandExecutor.java:82)
	at org.openqa.selenium.remote.RemoteWebDriver.execute(RemoteWebDriver.java:641)
	at org.openqa.selenium.remote.RemoteWebDriver.findElement(RemoteWebDriver.java:414)
	at org.openqa.selenium.remote.RemoteWebDriver.findElementByXPath(RemoteWebDriver.java:513)
	at org.openqa.selenium.By$ByXPath.findElement(By.java:361)
	at org.openqa.selenium.remote.RemoteWebDriver.findElement(RemoteWebDriver.java:406)
	at blablacarB13.POMLib.dashboard.DashBoardPage.isDashboardTabVisible(DashBoardPage.java:14)
	at blablacarB13.tests.common.LoginFeature.logInwithUserDetails(LoginFeature.java:157)
	at sun.reflect.NativeMethodAccessorImpl.invoke0(Native Method)
	at sun.reflect.NativeMethodAccessorImpl.invoke(Unknown Source)
	at sun.reflect.DelegatingMethodAccessorImpl.invoke(Unknown Source)
	at java.lang.reflect.Method.invoke(Unknown Source)
	at org.testng.internal.MethodInvocationHelper.invokeMethod(MethodInvocationHelper.java:124)
	at org.testng.internal.Invoker.invokeMethod(Invoker.java:571)
	at org.testng.internal.Invoker.invokeTestMethod(Invoker.java:707)
	at org.testng.internal.Invoker.invokeTestMethods(Invoker.java:979)
	at org.testng.internal.TestMethodWorker.invokeTestMethods(TestMethodWorker.java:125)
	at org.testng.internal.TestMethodWorker.run(TestMethodWorker.java:109)
	at org.testng.TestRunner.privateRun(TestRunner.java:648)
	at org.testng.TestRunner.run(TestRunner.java:505)
	at org.testng.SuiteRunner.runTest(SuiteRunner.java:455)
	at org.testng.SuiteRunner.runSequentially(SuiteRunner.java:450)
	at org.testng.SuiteRunner.privateRun(SuiteRunner.java:415)
	at org.testng.SuiteRunner.run(SuiteRunner.java:364)
	at org.testng.SuiteRunnerWorker.runSuite(SuiteRunnerWorker.java:52)
	at org.testng.SuiteRunnerWorker.run(SuiteRunnerWorker.java:84)
	at org.testng.TestNG.runSuitesSequentially(TestNG.java:1187)
	at org.testng.TestNG.runSuitesLocally(TestNG.java:1116)
	at org.testng.TestNG.runSuites(TestNG.java:1028)
	at org.testng.TestNG.run(TestNG.java:996)
	at org.testng.remote.AbstractRemoteTestNG.run(AbstractRemoteTestNG.java:114)
	at org.testng.remote.RemoteTestNG.initAndRun(RemoteTestNG.java:251)
	at org.testng.remote.RemoteTestNG.main(RemoteTestNG.java:77)

</div> <!-- stack-trace -->
                </div> <!-- method-content -->
              </div> <!-- method -->
            </div> <!-- main-panel-content rounded-window-bottom -->
          </div> <!-- suite-My_Regression_Automation_suite-class-failed -->
          <div class="suite-My_Regression_Automation_suite-class-passed">
            <div class="main-panel-header rounded-window-top">
              <img src="passed.png"/>
              <span class="class-name">blablacarB13.tests.profile.personalInfo.personalInformation.VerifyDifferentUserCreation</span>
            </div> <!-- main-panel-header rounded-window-top -->
            <div class="main-panel-content rounded-window-bottom">
              <div class="method">
                <div class="method-content">
                  <a name="testUserDetailsOnForm(avdhut.kotkar@yahoo.com, selenium@1793, Male, Avdhut, Kotkar, avdhut.kotkar@yahoo.com, 8412950036)">
                  </a> <!-- testUserDetailsOnForm(avdhut.kotkar@yahoo.com, selenium@1793, Male, Avdhut, Kotkar, avdhut.kotkar@yahoo.com, 8412950036) -->
                  <span class="method-name">testUserDetailsOnForm</span>
                  <span class="parameters">(avdhut.kotkar@yahoo.com, selenium@1793, Male, Avdhut, Kotkar, avdhut.kotkar@yahoo.com, 8412950036)</span>
                </div> <!-- method-content -->
              </div> <!-- method -->
            </div> <!-- main-panel-content rounded-window-bottom -->
          </div> <!-- suite-My_Regression_Automation_suite-class-passed -->
        </div> <!-- panel My_Regression_Automation_suite -->
        <div panel-name="test-xml-My_Regression_Automation_suite" class="panel">
          <div class="main-panel-header rounded-window-top">
            <span class="header-content">C:\Users\amruta\gitMyProjectBlaBlacar\blablacar\src\testngXML\AllClasses.xml</span>
          </div> <!-- main-panel-header rounded-window-top -->
          <div class="main-panel-content rounded-window-bottom">
            <pre>
&lt;?xml version=&quot;1.0&quot; encoding=&quot;UTF-8&quot;?&gt;
&lt;!DOCTYPE suite SYSTEM &quot;http://testng.org/testng-1.0.dtd&quot;&gt;
&lt;suite thread-count=&quot;-1&quot; guice-stage=&quot;DEVELOPMENT&quot; name=&quot;My Regression Automation suite&quot;&gt;
  &lt;test verbose=&quot;2&quot; name=&quot;login feature and Verify details of Signed in User&quot;&gt;
    &lt;classes&gt;
      &lt;class name=&quot;blablacarB13.tests.profile.personalInfo.personalInformation.VerifyPersonalInfoPageDetails&quot;/&gt;
      &lt;class name=&quot;blablacarB13.tests.profile.personalInfo.personalInformation.VerifyDifferentUserCreation&quot;/&gt;
      &lt;class name=&quot;blablacarB13.tests.common.LoginFeature&quot;/&gt;
    &lt;/classes&gt;
  &lt;/test&gt; &lt;!-- login feature and Verify details of Signed in User --&gt;
&lt;/suite&gt; &lt;!-- My Regression Automation suite --&gt;
            </pre>
          </div> <!-- main-panel-content rounded-window-bottom -->
        </div> <!-- panel -->
        <div panel-name="testlist-My_Regression_Automation_suite" class="panel">
          <div class="main-panel-header rounded-window-top">
            <span class="header-content">Tests for My Regression Automation suite</span>
          </div> <!-- main-panel-header rounded-window-top -->
          <div class="main-panel-content rounded-window-bottom">
            <ul>
              <li>
                <span class="test-name">login feature and Verify details of Signed in User (3 classes)</span>
              </li>
            </ul>
          </div> <!-- main-panel-content rounded-window-bottom -->
        </div> <!-- panel -->
        <div panel-name="group-My_Regression_Automation_suite" class="panel">
          <div class="main-panel-header rounded-window-top">
            <span class="header-content">Groups for My Regression Automation suite</span>
          </div> <!-- main-panel-header rounded-window-top -->
          <div class="main-panel-content rounded-window-bottom">
          </div> <!-- main-panel-content rounded-window-bottom -->
        </div> <!-- panel -->
        <div panel-name="times-My_Regression_Automation_suite" class="panel">
          <div class="main-panel-header rounded-window-top">
            <span class="header-content">Times for My Regression Automation suite</span>
          </div> <!-- main-panel-header rounded-window-top -->
          <div class="main-panel-content rounded-window-bottom">
            <div class="times-div">
              <script type="text/javascript">
suiteTableInitFunctions.push('tableData_My_Regression_Automation_suite');
function tableData_My_Regression_Automation_suite() {
var data = new google.visualization.DataTable();
data.addColumn('number', 'Number');
data.addColumn('string', 'Method');
data.addColumn('string', 'Class');
data.addColumn('number', 'Time (ms)');
data.addRows(6);
data.setCell(0, 0, 0)
data.setCell(0, 1, 'logInwithUserDetails')
data.setCell(0, 2, 'blablacarB13.tests.common.LoginFeature')
data.setCell(0, 3, 22733);
data.setCell(1, 0, 1)
data.setCell(1, 1, 'testPersonalInfoUI')
data.setCell(1, 2, 'blablacarB13.tests.profile.personalInfo.personalInformation.VerifyPersonalInfoPageDetails')
data.setCell(1, 3, 21659);
data.setCell(2, 0, 2)
data.setCell(2, 1, 'testUserDetailsOnForm')
data.setCell(2, 2, 'blablacarB13.tests.profile.personalInfo.personalInformation.VerifyDifferentUserCreation')
data.setCell(2, 3, 20064);
data.setCell(3, 0, 3)
data.setCell(3, 1, 'testUserDetailsOnForm')
data.setCell(3, 2, 'blablacarB13.tests.profile.personalInfo.personalInformation.VerifyDifferentUserCreation')
data.setCell(3, 3, 17933);
data.setCell(4, 0, 4)
data.setCell(4, 1, 'logInwithFacebookValidDetails')
data.setCell(4, 2, 'blablacarB13.tests.common.LoginFeature')
data.setCell(4, 3, 12803);
data.setCell(5, 0, 5)
data.setCell(5, 1, 'logInwithFacebookInvalidDetails')
data.setCell(5, 2, 'blablacarB13.tests.common.LoginFeature')
data.setCell(5, 3, 12695);
window.suiteTableData['My_Regression_Automation_suite']= { tableData: data, tableDiv: 'times-div-My_Regression_Automation_suite'}
return data;
}
              </script>
              <span class="suite-total-time">Total running time: 1 minutes</span>
              <div id="times-div-My_Regression_Automation_suite">
              </div> <!-- times-div-My_Regression_Automation_suite -->
            </div> <!-- times-div -->
          </div> <!-- main-panel-content rounded-window-bottom -->
        </div> <!-- panel -->
        <div panel-name="reporter-My_Regression_Automation_suite" class="panel">
          <div class="main-panel-header rounded-window-top">
            <span class="header-content">Reporter output for My Regression Automation suite</span>
          </div> <!-- main-panel-header rounded-window-top -->
          <div class="main-panel-content rounded-window-bottom">
            <div class="reporter-method-div">
              <span class="reporter-method-name">testUserDetailsOnForm(avdhut.kotkar@yahoo.com, selenium@1793, Male, Avdhut, Kotkar, avdhut.kotkar@yahoo.com, 8412950036)</span>
              <div class="reporter-method-output-div">
                <span class="reporter-method-output">Click on Log in Button on Header Page</span>
                <span class="reporter-method-output">Clicking on Continue with Email on Login Page</span>
                <span class="reporter-method-output">Entering in UserName TextBox</span>
                <span class="reporter-method-output">Entering in UserPassword TextBox</span>
                <span class="reporter-method-output">Clicking on Login Button on Login Form</span>
                <span class="reporter-method-output">Click on Log in Button on Header Page</span>
                <span class="reporter-method-output">Log in Successfull</span>
                <span class="reporter-method-output">Clicking on Drop Drown for more Actions</span>
                <span class="reporter-method-output">Returning Current User's Gender Type</span>
                <span class="reporter-method-output">Returning Current User's First Name </span>
                <span class="reporter-method-output">Returning Current User's Last Name </span>
                <span class="reporter-method-output">Returning Current User's Email</span>
                <span class="reporter-method-output">Returning Current User's Mobile No. </span>
              </div> <!-- reporter-method-output-div -->
            </div> <!-- reporter-method-div -->
            <div class="reporter-method-div">
              <span class="reporter-method-name">logInwithFacebookValidDetails</span>
              <div class="reporter-method-output-div">
                <span class="reporter-method-output">Click on Log in Button on Header Page</span>
                <span class="reporter-method-output">checking if Connect With FaceBook is present on Login Form</span>
                <span class="reporter-method-output">Taking ScreenShot....!</span>
                <span class="reporter-method-output">Screenshot Taken. Find Details at :- \Result\Project_Log_in_to_your_BlaBlaCar_account___BlaBlaCar_20180217_010941.png</span>
                <span class="reporter-method-output">Test Case Failed  because of : org.openqa.selenium.NoSuchElementException: Unable to locate element: //div/a[@data-provider='facebook']
For documentation on this error, please visit: http://seleniumhq.org/exceptions/no_such_element.html
Build info: version: '3.5.2', revision: '10229a9020', time: '2017-08-21T17:54:21.164Z'
System info: host: 'LAPTOP-RSD3KNP9', ip: '192.168.0.105', os.name: 'Windows 10', os.arch: 'amd64', os.version: '10.0', java.version: '1.8.0_161'
Driver info: org.openqa.selenium.firefox.FirefoxDriver
Capabilities [{moz:profile=C:\Users\amruta\AppData\Local\Temp\rust_mozprofile.ehFCjkvaWeFx, rotatable=false, timeouts={implicit=0, pageLoad=300000, script=30000}, pageLoadStrategy=normal, platform=ANY, specificationLevel=0, moz:accessibilityChecks=false, acceptInsecureCerts=false, browserVersion=55.0.3, platformVersion=10.0, moz:processID=9968, browserName=firefox, javascriptEnabled=true, platformName=windows_nt}]
Session ID: 78c7d9ca-de47-4b5b-8f34-4a77fd4e0c69
*** Element info: {Using=xpath, value=//div/a[@data-provider='facebook']}</span>
              </div> <!-- reporter-method-output-div -->
            </div> <!-- reporter-method-div -->
            <div class="reporter-method-div">
              <span class="reporter-method-name">logInwithUserDetails</span>
              <div class="reporter-method-output-div">
                <span class="reporter-method-output">Click on Log in Button on Header Page</span>
                <span class="reporter-method-output">Entering in UserName TextBox</span>
                <span class="reporter-method-output">Taking ScreenShot....!</span>
                <span class="reporter-method-output">Screenshot Taken. Find Details at :- \Result\Project_Log_in_to_your_BlaBlaCar_account___BlaBlaCar_20180217_011017.png</span>
                <span class="reporter-method-output">Checking If Dashboard Tab present </span>
              </div> <!-- reporter-method-output-div -->
            </div> <!-- reporter-method-div -->
            <div class="reporter-method-div">
              <span class="reporter-method-name">logInwithFacebookInvalidDetails</span>
              <div class="reporter-method-output-div">
                <span class="reporter-method-output">Click on Log in Button on Header Page</span>
                <span class="reporter-method-output">checking if Connect With FaceBook is present on Login Form</span>
                <span class="reporter-method-output">Taking ScreenShot....!</span>
                <span class="reporter-method-output">Screenshot Taken. Find Details at :- \Result\Project_Log_in_to_your_BlaBlaCar_account___BlaBlaCar_20180217_011104.png</span>
                <span class="reporter-method-output">Test Case Failed  because of : org.openqa.selenium.NoSuchElementException: Unable to locate element: //div/a[@data-provider='facebook']
For documentation on this error, please visit: http://seleniumhq.org/exceptions/no_such_element.html
Build info: version: '3.5.2', revision: '10229a9020', time: '2017-08-21T17:54:21.164Z'
System info: host: 'LAPTOP-RSD3KNP9', ip: '192.168.0.105', os.name: 'Windows 10', os.arch: 'amd64', os.version: '10.0', java.version: '1.8.0_161'
Driver info: org.openqa.selenium.firefox.FirefoxDriver
Capabilities [{moz:profile=C:\Users\amruta\AppData\Local\Temp\rust_mozprofile.dmv1qJG3U7yB, rotatable=false, timeouts={implicit=0, pageLoad=300000, script=30000}, pageLoadStrategy=normal, platform=ANY, specificationLevel=0, moz:accessibilityChecks=false, acceptInsecureCerts=false, browserVersion=55.0.3, platformVersion=10.0, moz:processID=11404, browserName=firefox, javascriptEnabled=true, platformName=windows_nt}]
Session ID: 3d2e2a5f-a415-49cf-a95f-657b3b1c922b
*** Element info: {Using=xpath, value=//div/a[@data-provider='facebook']}</span>
              </div> <!-- reporter-method-output-div -->
            </div> <!-- reporter-method-div -->
            <div class="reporter-method-div">
              <span class="reporter-method-name">testPersonalInfoUI</span>
              <div class="reporter-method-output-div">
                <span class="reporter-method-output">Click on Log in Button on Header Page</span>
                <span class="reporter-method-output">Login Failed</span>
                <span class="reporter-method-output">Clicking On Profile Tab</span>
                <span class="reporter-method-output">Exception observedorg.openqa.selenium.NoSuchElementException: Unable to locate element: //ul[@id='myTab']/li/a[contains(text(),'Profile')]
For documentation on this error, please visit: http://seleniumhq.org/exceptions/no_such_element.html
Build info: version: '3.5.2', revision: '10229a9020', time: '2017-08-21T17:54:21.164Z'
System info: host: 'LAPTOP-RSD3KNP9', ip: '192.168.0.105', os.name: 'Windows 10', os.arch: 'amd64', os.version: '10.0', java.version: '1.8.0_161'
Driver info: org.openqa.selenium.firefox.FirefoxDriver
Capabilities [{moz:profile=C:\Users\amruta\AppData\Local\Temp\rust_mozprofile.VxElhwKoq28U, rotatable=false, timeouts={implicit=0, pageLoad=300000, script=30000}, pageLoadStrategy=normal, platform=ANY, specificationLevel=0, moz:accessibilityChecks=false, acceptInsecureCerts=false, browserVersion=55.0.3, platformVersion=10.0, moz:processID=8708, browserName=firefox, javascriptEnabled=true, platformName=windows_nt}]
Session ID: 9f12b231-07b4-412f-95e0-b87e7b81c7a4
*** Element info: {Using=xpath, value=//ul[@id='myTab']/li/a[contains(text(),'Profile')]}</span>
                <span class="reporter-method-output">Taking ScreenShot....!</span>
                <span class="reporter-method-output">Screenshot Taken. Find Details at :- \Result\Project_BlaBlaCar__the_trusted_community_for_sharing_your_city_to_city_car_travel___World_s_Largest_Carpooling_Community_20180217_010717.png</span>
              </div> <!-- reporter-method-output-div -->
            </div> <!-- reporter-method-div -->
            <div class="reporter-method-div">
              <span class="reporter-method-name">testUserDetailsOnForm(amrutakotkar3@gmail.com, Amruta@38, Female, Amruta, Kotkar, amrutakotkar3@gmail.com, 8412950038)</span>
              <div class="reporter-method-output-div">
                <span class="reporter-method-output">Click on Log in Button on Header Page</span>
                <span class="reporter-method-output">Clicking on Continue with Email on Login Page</span>
                <span class="reporter-method-output">Entering in UserName TextBox</span>
                <span class="reporter-method-output">Entering in UserPassword TextBox</span>
                <span class="reporter-method-output">Clicking on Login Button on Login Form</span>
                <span class="reporter-method-output">Click on Log in Button on Header Page</span>
                <span class="reporter-method-output">Log in Successfull</span>
                <span class="reporter-method-output">Clicking on Drop Drown for more Actions</span>
                <span class="reporter-method-output">Returning Current User's Gender Type</span>
                <span class="reporter-method-output">Returning Current User's First Name </span>
                <span class="reporter-method-output">Returning Current User's Last Name </span>
                <span class="reporter-method-output">Returning Current User's Email</span>
                <span class="reporter-method-output">Returning Current User's Mobile No. </span>
              </div> <!-- reporter-method-output-div -->
            </div> <!-- reporter-method-div -->
          </div> <!-- main-panel-content rounded-window-bottom -->
        </div> <!-- panel -->
        <div panel-name="ignored-methods-My_Regression_Automation_suite" class="panel">
          <div class="main-panel-header rounded-window-top">
            <span class="header-content">0 ignored methods</span>
          </div> <!-- main-panel-header rounded-window-top -->
          <div class="main-panel-content rounded-window-bottom">
          </div> <!-- main-panel-content rounded-window-bottom -->
        </div> <!-- panel -->
        <div panel-name="chronological-My_Regression_Automation_suite" class="panel">
          <div class="main-panel-header rounded-window-top">
            <span class="header-content">Methods in chronological order</span>
          </div> <!-- main-panel-header rounded-window-top -->
          <div class="main-panel-content rounded-window-bottom">
            <div class="chronological-class">
              <div class="chronological-class-name">blablacarB13.tests.profile.personalInfo.personalInformation.VerifyPersonalInfoPageDetails</div> <!-- chronological-class-name -->
              <div class="configuration-method before">
                <span class="method-name">LaunchBrowserLogin</span>
                <span class="method-start">0 ms</span>
              </div> <!-- configuration-method before -->
              <div class="test-method">
                <img src="failed.png">
                </img>
                <span class="method-name">testPersonalInfoUI</span>
                <span class="method-start">72023 ms</span>
              </div> <!-- test-method -->
              <div class="configuration-method after">
                <span class="method-name">CloseBrowser</span>
                <span class="method-start">93742 ms</span>
              </div> <!-- configuration-method after -->
            </div> <!-- chronological-class -->
            <div class="chronological-class">
              <div class="chronological-class-name">blablacarB13.tests.profile.personalInfo.personalInformation.VerifyDifferentUserCreation</div> <!-- chronological-class-name -->
              <div class="configuration-method before">
                <span class="method-name">LuanchBrowser</span>
                <span class="method-start">111049 ms</span>
              </div> <!-- configuration-method before -->
              <div class="test-method">
                <span class="method-name">testUserDetailsOnForm(avdhut.kotkar@yahoo.com, selenium@1793, Male, Avdhut, Kotkar, avdhut.kotkar@yahoo.com, 8412950036)</span>
                <span class="method-start">131518 ms</span>
              </div> <!-- test-method -->
              <div class="configuration-method after">
                <span class="method-name">CloseBrowser</span>
                <span class="method-start">151584 ms</span>
              </div> <!-- configuration-method after -->
              <div class="configuration-method before">
                <span class="method-name">LuanchBrowser</span>
                <span class="method-start">162529 ms</span>
              </div> <!-- configuration-method before -->
              <div class="test-method">
                <img src="failed.png">
                </img>
                <span class="method-name">testUserDetailsOnForm(amrutakotkar3@gmail.com, Amruta@38, Female, Amruta, Kotkar, amrutakotkar3@gmail.com, 8412950038)</span>
                <span class="method-start">179071 ms</span>
              </div> <!-- test-method -->
              <div class="configuration-method after">
                <span class="method-name">CloseBrowser</span>
                <span class="method-start">197007 ms</span>
              </div> <!-- configuration-method after -->
            </div> <!-- chronological-class -->
            <div class="chronological-class">
              <div class="chronological-class-name">blablacarB13.tests.common.LoginFeature</div> <!-- chronological-class-name -->
              <div class="configuration-method before">
                <span class="method-name">LaunchBrowser</span>
                <span class="method-start">206983 ms</span>
              </div> <!-- configuration-method before -->
              <div class="test-method">
                <img src="failed.png">
                </img>
                <span class="method-name">logInwithFacebookValidDetails</span>
                <span class="method-start">224449 ms</span>
              </div> <!-- test-method -->
              <div class="configuration-method after">
                <span class="method-name">CloseBrowser</span>
                <span class="method-start">237254 ms</span>
              </div> <!-- configuration-method after -->
              <div class="configuration-method before">
                <span class="method-name">LaunchBrowser</span>
                <span class="method-start">246980 ms</span>
              </div> <!-- configuration-method before -->
              <div class="test-method">
                <img src="failed.png">
                </img>
                <span class="method-name">logInwithUserDetails</span>
                <span class="method-start">261144 ms</span>
              </div> <!-- test-method -->
              <div class="configuration-method after">
                <span class="method-name">CloseBrowser</span>
                <span class="method-start">283884 ms</span>
              </div> <!-- configuration-method after -->
              <div class="configuration-method before">
                <span class="method-name">LaunchBrowser</span>
                <span class="method-start">291647 ms</span>
              </div> <!-- configuration-method before -->
              <div class="test-method">
                <img src="failed.png">
                </img>
                <span class="method-name">logInwithFacebookInvalidDetails</span>
                <span class="method-start">307663 ms</span>
              </div> <!-- test-method -->
              <div class="configuration-method after">
                <span class="method-name">CloseBrowser</span>
                <span class="method-start">320360 ms</span>
              </div> <!-- configuration-method after -->
          </div> <!-- main-panel-content rounded-window-bottom -->
        </div> <!-- panel -->
      </div> <!-- main-panel-root -->
    </div> <!-- wrapper -->
  </body>
</html>
